<?xml version="1.0" encoding="UTF-8"?>

<mule xmlns:servicenow="http://www.mulesoft.org/schema/mule/servicenow" xmlns:wd-hr="http://www.mulesoft.org/schema/mule/wd-hr" xmlns:data-mapper="http://www.mulesoft.org/schema/mule/ee/data-mapper" xmlns:wd-staffing="http://www.mulesoft.org/schema/mule/wd-staffing" xmlns:sfdc="http://www.mulesoft.org/schema/mule/sfdc" xmlns="http://www.mulesoft.org/schema/mule/core" xmlns:doc="http://www.mulesoft.org/schema/mule/documentation"
	xmlns:spring="http://www.springframework.org/schema/beans" version="EE-3.5.0"
	xmlns:xsi="http://www.w3.org/2001/XMLSchema-instance"
	xsi:schemaLocation="http://www.springframework.org/schema/beans http://www.springframework.org/schema/beans/spring-beans-current.xsd
http://www.mulesoft.org/schema/mule/core http://www.mulesoft.org/schema/mule/core/current/mule.xsd
http://www.mulesoft.org/schema/mule/sfdc http://www.mulesoft.org/schema/mule/sfdc/current/mule-sfdc.xsd
http://www.mulesoft.org/schema/mule/wd-staffing http://www.mulesoft.org/schema/mule/wd-staffing/current/mule-wd-staffing.xsd
http://www.mulesoft.org/schema/mule/ee/data-mapper http://www.mulesoft.org/schema/mule/ee/data-mapper/current/mule-data-mapper.xsd
http://www.mulesoft.org/schema/mule/wd-hr http://www.mulesoft.org/schema/mule/wd-hr/current/mule-wd-hr.xsd
http://www.mulesoft.org/schema/mule/servicenow http://www.mulesoft.org/schema/mule/servicenow/current/mule-servicenow.xsd">
    <wd-staffing:config name="Workday_Staffing" staffingUser="${wday.user}" staffingPassword="${wday.password}" staffingEndpoint="${wday.endpoint}" doc:name="Workday Staffing">
        <wd-staffing:connection-pooling-profile initialisationPolicy="INITIALISE_ONE" exhaustedAction="WHEN_EXHAUSTED_GROW"/>
    </wd-staffing:config>
    <data-mapper:config name="User_To_Contact" transformationGraphPath="user_to_maintaincontactinformationforpersoneventrequesttype.grf" doc:name="DataMapper"/>
    <sub-flow name="terminateWorkdayEmployee" doc:name="terminateWorkdayEmployee">
    	<wd-staffing:terminate-employee config-ref="Workday_Staffing" doc:name="Workday Staffing" />
    </sub-flow>
    <sub-flow name="deleteSnowUsers" doc:name="deleteSnowUsers">
        <servicenow:delete-record config-ref="ServiceNow" type="SYS_USER" doc:name="delete user in ServiceNow">
            <servicenow:delete-request>
                <servicenow:delete-request key="sysId">#[payload]</servicenow:delete-request>
            </servicenow:delete-request>
        </servicenow:delete-record>
    </sub-flow>
    <sub-flow name="getSnowUsers" doc:name="getSnowUsers">
        <servicenow:get-records config-ref="ServiceNow" type="SYS_USER" doc:name="query user in ServiceNow">
             <servicenow:get-records-request>
                 <servicenow:get-records-request key="email">#[payload]</servicenow:get-records-request>
             </servicenow:get-records-request>
         </servicenow:get-records>
    </sub-flow>
    <sub-flow name="updateWorkdayEmployee" doc:name="updateWorkdayEmployee">
        <data-mapper:transform doc:name="DataMapper" config-ref="User_To_Contact"/>
        <wd-hr:maintain-contact-information config-ref="Workday_Human_Resource" doc:name="Workday Human Resource"/>
    </sub-flow>
</mule>
