<?xml version="1.0" encoding="UTF-8"?>

<mule xmlns:dw="http://www.mulesoft.org/schema/mule/ee/dw"
	xmlns:servicenow="http://www.mulesoft.org/schema/mule/servicenow" 
	xmlns:wd-hr="http://www.mulesoft.org/schema/mule/wd-hr"
	xmlns="http://www.mulesoft.org/schema/mule/core" 
	xmlns:doc="http://www.mulesoft.org/schema/mule/documentation"
	xmlns:spring="http://www.springframework.org/schema/beans" 
	xmlns:xsi="http://www.w3.org/2001/XMLSchema-instance"
	xsi:schemaLocation="http://www.springframework.org/schema/beans http://www.springframework.org/schema/beans/spring-beans-current.xsd
http://www.mulesoft.org/schema/mule/core http://www.mulesoft.org/schema/mule/core/current/mule.xsd
http://www.mulesoft.org/schema/mule/wd-hr http://www.mulesoft.org/schema/mule/wd-hr/current/mule-wd-hr.xsd
http://www.mulesoft.org/schema/mule/servicenow http://www.mulesoft.org/schema/mule/servicenow/current/mule-servicenow.xsd
http://www.mulesoft.org/schema/mule/ee/dw http://www.mulesoft.org/schema/mule/ee/dw/current/dw.xsd">

    <sub-flow name="deleteSnowUsers" >
        <dw:transform-message doc:name="Create deleteRecord Request">
            <dw:set-payload><![CDATA[%dw 1.0
%output application/xml
%namespace ns0 http://www.service-now.com/sys_user
---
{
	ns0#deleteRecord: {
		ns0#"sys_id": payload
	}
}]]></dw:set-payload>
        </dw:transform-message>
        <servicenow:invoke config-ref="ServiceNow" type="sys_user||deleteRecord" doc:name="delete User"/>
    </sub-flow>
    <sub-flow name="getSnowUsers" >
        <dw:transform-message doc:name="Create getRecords Request">
            <dw:set-payload><![CDATA[%dw 1.0
%output application/xml
%namespace ns0 http://www.service-now.com/sys_user
---
{
	ns0#getRecords: {
		ns0#email: payload
	}
}]]></dw:set-payload>
        </dw:transform-message>
        <servicenow:invoke config-ref="ServiceNow" type="sys_user||getRecords" doc:name="retrieve Users"/>
        <dw:transform-message doc:name="Get User">
            <dw:set-payload><![CDATA[%dw 1.0
%output application/java
%namespace ns0 http://www.service-now.com/sys_user
---
payload.ns0#getRecordsResponse map
{
	Id: $.ns0#sys_id,
	Street: $.ns0#street
} when payload.ns0#getRecordsResponse is :object otherwise []]]></dw:set-payload>
        </dw:transform-message>
    </sub-flow>
    <sub-flow name="updateWorkdayEmployee" >
        <dw:transform-message doc:name="Create MaintainContactInformationForPersonEvent Request">
            <dw:set-payload><![CDATA[%dw 1.0
%output application/java
---
{
	maintainContactInformationData: {
		effectiveDate: payload.LastModifiedDate,
		workerContactInformationData: {
			addressData: [{
				addressLineData: [{
					type: "ADDRESS_LINE_1",
					value: payload.Street
				}],
				countryReference: {
					ID: [{
						type: "ISO_3166-1_Alpha-3_Code",
						value: payload.Country
					}]
				},
				countryRegionReference: {
					ID: [{
						type: "Country_Region_ID",
						value: payload.State
					}]
				},
				effectiveDate: payload.LastModifiedDate,
				municipality: payload.City,
				postalCode: payload.PostalCode,
				usageData: [{
					public: false,
					typeData: [{
						primary: true,
						typeReference: {
							ID: [{
								type: "Communication_Usage_Type_ID",
								value: "HOME"
							}]
						}
					}]
				}]
			}],
			emailAddressData: [{
				emailAddress: payload.Email,
				usageData: [{
					public: true,
					typeData: [{
						primary: true,
						typeReference: {
							ID: [{
								type: "Communication_Usage_Type_ID",
								value: "HOME"
							}]
						}
					}]
				}]
			}],
			phoneData: [{
				countryISOCode: payload.Country,
				phoneDeviceTypeReference: {
					ID: [{
						type: "Phone_Device_Type_ID",
						value: "1063.5"
					}]
				},
				phoneExtension: payload.Extension,
				phoneNumber: payload.Phone,
				usageData: [{
					public: true,
					typeData: [{
						primary: true,
						typeReference: {
							ID: [{
								type: "Communication_Usage_Type_ID",
								value: "HOME"
							}]
						}
					}]
				}]
			}]
		},
		workerReference: {
			ID: [{
				type: "Employee_ID",
				value: payload.ExtId__c
			}]
		}
	}
} as :object {
	class : "com.workday.hr.MaintainContactInformationForPersonEventRequestType"
}]]></dw:set-payload>
        </dw:transform-message>
        <wd-hr:maintain-contact-information config-ref="Workday_Human_Resource" doc:name="Workday Human Resource"/>
    </sub-flow>
</mule>
